Sails_BigCityNavigation/proguard/seeds.txt
com.doubleservice.bigcitynavigation.AdActivity
com.doubleservice.bigcitynavigation.AdActivity: AdActivity()
com.doubleservice.bigcitynavigation.ApplicationController
com.doubleservice.bigcitynavigation.ApplicationController: ApplicationController()
com.doubleservice.bigcitynavigation.FreeHomepage
com.doubleservice.bigcitynavigation.FreeHomepage: FreeHomepage()
com.doubleservice.bigcitynavigation.IbeaconService
com.doubleservice.bigcitynavigation.IbeaconService: IbeaconService()
com.doubleservice.bigcitynavigation.MemberHappyGo
com.doubleservice.bigcitynavigation.MemberHappyGo: MemberHappyGo()
com.doubleservice.bigcitynavigation.Navigation
com.doubleservice.bigcitynavigation.Navigation: Navigation()
com.doubleservice.bigcitynavigation.PushMessageService
com.doubleservice.bigcitynavigation.PushMessageService: PushMessageService()
com.doubleservice.bigcitynavigation.PushMsgFileActivity
com.doubleservice.bigcitynavigation.PushMsgFileActivity: PushMsgFileActivity()
com.doubleservice.bigcitynavigation.R$anim: int child_detect_anim
com.doubleservice.bigcitynavigation.R$anim: int popupwindow_in
com.doubleservice.bigcitynavigation.R$anim: int popupwindow_out
com.doubleservice.bigcitynavigation.R$array: int fileEndingAudio
com.doubleservice.bigcitynavigation.R$array: int fileEndingExcel
com.doubleservice.bigcitynavigation.R$array: int fileEndingImage
com.doubleservice.bigcitynavigation.R$array: int fileEndingPPT
com.doubleservice.bigcitynavigation.R$array: int fileEndingPackage
com.doubleservice.bigcitynavigation.R$array: int fileEndingPdf
com.doubleservice.bigcitynavigation.R$array: int fileEndingText
com.doubleservice.bigcitynavigation.R$array: int fileEndingVideo
com.doubleservice.bigcitynavigation.R$array: int fileEndingWebText
com.doubleservice.bigcitynavigation.R$array: int fileEndingWord
com.doubleservice.bigcitynavigation.R$attr: int foldNumber
com.doubleservice.bigcitynavigation.R$attr: int ptrAdapterViewBackground
com.doubleservice.bigcitynavigation.R$attr: int ptrAnimationStyle
com.doubleservice.bigcitynavigation.R$attr: int ptrDrawable
com.doubleservice.bigcitynavigation.R$attr: int ptrDrawableBottom
com.doubleservice.bigcitynavigation.R$attr: int ptrDrawableEnd
com.doubleservice.bigcitynavigation.R$attr: int ptrDrawableStart
com.doubleservice.bigcitynavigation.R$attr: int ptrDrawableTop
com.doubleservice.bigcitynavigation.R$attr: int ptrHeaderBackground
com.doubleservice.bigcitynavigation.R$attr: int ptrHeaderSubTextColor
com.doubleservice.bigcitynavigation.R$attr: int ptrHeaderTextAppearance
com.doubleservice.bigcitynavigation.R$attr: int ptrHeaderTextColor
com.doubleservice.bigcitynavigation.R$attr: int ptrListViewExtrasEnabled
com.doubleservice.bigcitynavigation.R$attr: int ptrMode
com.doubleservice.bigcitynavigation.R$attr: int ptrOverScroll
com.doubleservice.bigcitynavigation.R$attr: int ptrRefreshableViewBackground
com.doubleservice.bigcitynavigation.R$attr: int ptrRotateDrawableWhilePulling
com.doubleservice.bigcitynavigation.R$attr: int ptrScrollingWhileRefreshingEnabled
com.doubleservice.bigcitynavigation.R$attr: int ptrShowIndicator
com.doubleservice.bigcitynavigation.R$attr: int ptrSubHeaderTextAppearance
com.doubleservice.bigcitynavigation.R$attr: int switchMinWidth
...
com.james.views.FreeLayout: void setDatum(int)
com.james.views.FreeLayout: void setPicSize(int)
com.james.views.FreeLayout: void setImageCrop(android.widget.ImageView)
com.james.views.FreeTextButton: void setPicSize(int)
com.james.views.FreeTextButton: void setTextSizeFitSp(float)
com.james.views.FreeTextButton: void setTextSizeFitPx(float)
com.james.views.FreeTextView: void setPicSize(int)
com.james.views.FreeTextView: void setTextSizeFitSp(float)
com.james.views.FreeTextView: void setTextSizeFitPx(float)
com.longevitysoft.android.xml.plist.PListXMLHandler$ParseMode: com.longevitysoft.android.xml.plist.PListXMLHandler$ParseMode[] values()
com.longevitysoft.android.xml.plist.PListXMLHandler$ParseMode: com.longevitysoft.android.xml.plist.PListXMLHandler$ParseMode valueOf(java.lang.String)
com.longevitysoft.android.xml.plist.domain.PListObjectType: com.longevitysoft.android.xml.plist.domain.PListObjectType[] values()
com.longevitysoft.android.xml.plist.domain.PListObjectType: com.longevitysoft.android.xml.plist.domain.PListObjectType valueOf(java.lang.String)
com.radiusnetworks.ibeacon.BleNotAvailableException
com.radiusnetworks.ibeacon.BleNotAvailableException: long serialVersionUID
com.radiusnetworks.ibeacon.BleNotAvailableException: BleNotAvailableException(java.lang.String)
com.radiusnetworks.ibeacon.IBeacon
com.radiusnetworks.ibeacon.IBeacon: int PROXIMITY_IMMEDIATE
com.radiusnetworks.ibeacon.IBeacon: int PROXIMITY_NEAR
com.radiusnetworks.ibeacon.IBeacon: int PROXIMITY_FAR
com.radiusnetworks.ibeacon.IBeacon: int PROXIMITY_UNKNOWN
com.radiusnetworks.ibeacon.IBeacon: char[] hexArray
com.radiusnetworks.ibeacon.IBeacon: java.lang.String TAG
com.radiusnetworks.ibeacon.IBeacon: java.lang.String proximityUuid
com.radiusnetworks.ibeacon.IBeacon: int major
com.radiusnetworks.ibeacon.IBeacon: int minor
com.radiusnetworks.ibeacon.IBeacon: java.lang.Integer proximity
com.radiusnetworks.ibeacon.IBeacon: java.lang.Double accuracy
com.radiusnetworks.ibeacon.IBeacon: int rssi
com.radiusnetworks.ibeacon.IBeacon: int txPower
com.radiusnetworks.ibeacon.IBeacon: java.lang.Double runningAverageRssi
com.radiusnetworks.ibeacon.IBeacon: com.radiusnetworks.ibeacon.client.IBeaconDataFactory iBeaconDataFactory
com.radiusnetworks.ibeacon.IBeacon: double getAccuracy()
com.radiusnetworks.ibeacon.IBeacon: int getMajor()
com.radiusnetworks.ibeacon.IBeacon: int getMinor()
com.radiusnetworks.ibeacon.IBeacon: int getProximity()
com.radiusnetworks.ibeacon.IBeacon: int getRssi()
com.radiusnetworks.ibeacon.IBeacon: int getTxPower()
com.radiusnetworks.ibeacon.IBeacon: java.lang.String getProximityUuid()
com.radiusnetworks.ibeacon.IBeacon: int hashCode()
com.radiusnetworks.ibeacon.IBeacon: boolean equals(java.lang.Object)
com.radiusnetworks.ibeacon.IBeaconConsumer
com.radiusnetworks.ibeacon.IBeaconConsumer: void onIBeaconServiceConnect()
com.radiusnetworks.ibeacon.IBeaconConsumer: android.content.Context getApplicationContext()
com.radiusnetworks.ibeacon.IBeaconConsumer: void unbindService(android.content.ServiceConnection)
com.radiusnetworks.ibeacon.IBeaconConsumer: boolean bindService(android.content.Intent,android.content.ServiceConnection,int)
com.radiusnetworks.ibeacon.IBeaconData
com.radiusnetworks.ibeacon.IBeaconData: java.lang.Double getLatitude()
com.radiusnetworks.ibeacon.IBeaconData: void setLatitude(java.lang.Double)
com.radiusnetworks.ibeacon.IBeaconData: void setLongitude(java.lang.Double)
com.radiusnetworks.ibeacon.IBeaconData: java.lang.Double getLongitude()
com.radiusnetworks.ibeacon.IBeaconData: java.lang.String get(java.lang.String)
com.radiusnetworks.ibeacon.IBeaconData: void set(java.lang.String,java.lang.String)
com.radiusnetworks.ibeacon.IBeaconData: void sync(com.radiusnetworks.ibeacon.IBeaconDataNotifier)
com.radiusnetworks.ibeacon.IBeaconData: boolean isDirty()