Sails_BigCityNavigation/proguard/mapping.txt
com.doubleservice.bigcitynavigation.AES -> com.doubleservice.bigcitynavigation.a:
    java.lang.String stringKey -> a
    java.lang.String encrypt_AES(java.lang.String) -> a
    java.lang.String decrypt_AES_ParsingSomeChar(java.lang.String) -> b
    java.lang.String toUtf8(java.lang.String) -> c
com.doubleservice.bigcitynavigation.AdActivity -> com.doubleservice.bigcitynavigation.AdActivity:
    void onCreate(android.os.Bundle) -> onCreate
com.doubleservice.bigcitynavigation.ApplicationController -> com.doubleservice.bigcitynavigation.ApplicationController:
    com.doubleservice.bigcitynavigation.ApplicationController mInstance -> m
    java.util.HashMap beacons -> n
    com.radiusnetworks.ibeacon.IBeaconManager iBeaconManager -> o
    java.lang.String TAG -> p
    com.android.volley.RequestQueue mRequestQueue -> q
    map.navi.Data.BitmapLruCache cache -> a
    android.content.Context mContext -> r
    java.util.ArrayList locationsData -> b
    com.doubleservice.DataVO.NavDataVO navData -> c
    java.lang.String[] bigCityBeaconArray -> s
    java.lang.String[] sogoBeaconArray -> t
    java.lang.String floor -> d
    java.lang.String mLocationApDetail -> e
    float knnPos_X -> f
    float knnPos_Y -> g
    java.lang.String knnPos_XAndYBelongFloor -> h
    java.util.ArrayList deviceLocationsData -> i
    boolean isNeedToLocateToAPPoint -> j
    float nearAPX -> k
    float nearAPY -> l
    android.os.Handler handler -> u
    void onCreate() -> onCreate
    java.lang.String[] getDevicePosition(java.lang.String) -> a
    void parseDeviceData() -> g
    java.lang.String getDeviceLocationXMLStringByElementAndTagName(org.w3c.dom.Element,java.lang.String) -> a
    java.lang.String getStringByResId(int) -> a
    float convertDpToPixel(float) -> a
    com.doubleservice.DataVO.NavDataVO getLocationDataByNumber(java.lang.String) -> b
    void pListRunner() -> h
com.doubleservice.bigcitynavigation.ApplicationController$1 -> com.doubleservice.bigcitynavigation.b:
    com.doubleservice.bigcitynavigation.ApplicationController this$0 -> a
    void handleMessage(android.os.Message) -> handleMessage
com.doubleservice.bigcitynavigation.ApplicationController$2 -> com.doubleservice.bigcitynavigation.c:
    com.doubleservice.bigcitynavigation.ApplicationController this$0 -> a
    void run() -> run
com.doubleservice.bigcitynavigation.ApplicationController$3 -> com.doubleservice.bigcitynavigation.d:
    com.doubleservice.bigcitynavigation.ApplicationController this$0 -> a
    void didRangeBeaconsInRegion(java.util.Collection,com.radiusnetworks.ibeacon.Region) -> didRangeBeaconsInRegion
com.doubleservice.bigcitynavigation.BaseAlertMsg -> com.doubleservice.bigcitynavigation.e:
    java.lang.String TAG -> b
    com.doubleservice.bigcitynavigation.FreeHomepage homepageActivity -> a
com.doubleservice.bigcitynavigation.BaseAlertMsg$1 -> com.doubleservice.bigcitynavigation.f:
    com.doubleservice.bigcitynavigation.BaseAlertMsg this$0 -> a
    void onClick(android.content.DialogInterface,int) -> onClick
com.doubleservice.bigcitynavigation.BaseAlertMsg$2 -> com.doubleservice.bigcitynavigation.g:
    com.doubleservice.bigcitynavigation.BaseAlertMsg this$0 -> a
    void onClick(android.content.DialogInterface,int) -> onClick
com.doubleservice.bigcitynavigation.DevicePositionData -> com.doubleservice.bigcitynavigation.h:
    java.lang.String deviceName -> a
    java.lang.String devicePosX -> b
    java.lang.String devicePosY -> c
    java.lang.String getDeviceName() -> a
    java.lang.String getDevicePosX() -> b
    java.lang.String getDevicePosY() -> c
...
com.doubleservice.parking.ParkWarningSetting$3 -> com.doubleservice.parking.e:
    com.doubleservice.parking.ParkWarningSetting this$0 -> a
    void onClick(android.view.View) -> onClick
com.doubleservice.parking.ParkWarningSetting$4 -> com.doubleservice.parking.f:
    com.doubleservice.parking.ParkWarningSetting this$0 -> a
    void onClick(android.view.View) -> onClick
com.doubleservice.parking.ParkWarningSetting$5 -> com.doubleservice.parking.g:
    com.doubleservice.parking.ParkWarningSetting this$0 -> a
    void onClick(android.view.View) -> onClick
    com.doubleservice.parking.ParkWarningSetting access$0(com.doubleservice.parking.ParkWarningSetting$5) -> a
com.doubleservice.parking.ParkWarningSetting$5$1 -> com.doubleservice.parking.h:
    com.doubleservice.parking.ParkWarningSetting$5 this$1 -> a
    void onClick(android.content.DialogInterface,int) -> onClick
com.doubleservice.parking.ParkWarningSetting$5$2 -> com.doubleservice.parking.i:
    com.doubleservice.parking.ParkWarningSetting$5 this$1 -> a
    void onClick(android.content.DialogInterface,int) -> onClick
com.doubleservice.parking.ParkWarningSetting$6 -> com.doubleservice.parking.j:
    com.doubleservice.parking.ParkWarningSetting this$0 -> a
    void onValueChange(android.widget.NumberPicker,int,int) -> onValueChange
com.doubleservice.parking.ParkWarningSetting$7 -> com.doubleservice.parking.k:
    com.doubleservice.parking.ParkWarningSetting this$0 -> a
    void onClick(android.content.DialogInterface,int) -> onClick
com.doubleservice.parking.ParkWarningSetting$8 -> com.doubleservice.parking.l:
    com.doubleservice.parking.ParkWarningSetting this$0 -> a
    void onClick(android.content.DialogInterface,int) -> onClick
com.doubleservice.parking.UserParkingInfo -> com.doubleservice.parking.UserParkingInfo:
    java.lang.String TAG -> a
    android.widget.TextView time -> b
    void onCreate(android.os.Bundle) -> onCreate
    void onResume() -> onResume
    void getPreference() -> c
    void setupView() -> d
    void goToNavigation() -> a
    void settingPage() -> b
    boolean onCreateOptionsMenu(android.view.Menu) -> onCreateOptionsMenu
    boolean onOptionsItemSelected(android.view.MenuItem) -> onOptionsItemSelected
com.doubleservice.parking.UserParkingInfo$1 -> com.doubleservice.parking.m:
    com.doubleservice.parking.UserParkingInfo this$0 -> a
    void onClick(android.view.View) -> onClick
com.doubleservice.parking.UserParkingInfo$2 -> com.doubleservice.parking.n:
    com.doubleservice.parking.UserParkingInfo this$0 -> a
    void onClick(android.content.DialogInterface,int) -> onClick
com.doubleservice.parking.UserParkingInfo$3 -> com.doubleservice.parking.o:
    com.doubleservice.parking.UserParkingInfo this$0 -> a
    void onClick(android.content.DialogInterface,int) -> onClick
com.doubleservice.promotional.FreePromotionalPage -> com.doubleservice.promotional.FreePromotionalPage:
    java.lang.String TAG -> b
    java.lang.String id -> c
    com.doubleservice.memorycontroller.ImageLoader mImageLoader -> d
    com.doubleservice.brand.BrandDBProxy proxy -> e
    com.doubleservice.promotional.PromotionalLayout mpLayout -> f
    com.doubleservice.DataVO.NavDataVO navDataVO -> g
    boolean getNavData -> h
    android.view.View$OnClickListener btnClick -> a
    void onCreate(android.os.Bundle) -> onCreate
    void findBrandDataById(java.lang.String) -> a
    void findNavigationData(java.lang.String) -> b
    void setupView() -> b
    void goToNavigation() -> a
    void onPause() -> onPause
    boolean onOptionsItemSelected(android.view.MenuItem) -> onOptionsItemSelected
    java.lang.String access$0(com.doubleservice.promotional.FreePromotionalPage) -> a
    com.doubleservice.DataVO.NavDataVO access$1(com.doubleservice.promotional.FreePromotionalPage) -> b