Sails_BigCityNavigation/proguard/usage.txt
com.doubleservice.bigcitynavigation.AES:
    26:42:public void selfDecode(java.lang.String)
    45:79:public java.lang.String decrypt_AES(java.lang.String)
    171:179:public java.lang.String PlusToExclamationMark(java.lang.String)
com.doubleservice.bigcitynavigation.ApplicationController:
    167:170:public static float convertPixelsToDp(float)
    308:313:public void addToRequestQueue(com.android.volley.Request,java.lang.String)
    323:326:public void cancelPendingRequests(java.lang.Object)
    338:341:public void onIBeaconServiceStop()
com.doubleservice.bigcitynavigation.BuildConfig
com.doubleservice.bigcitynavigation.DevicePositionData:
    10:11:public void setDeviceName(java.lang.String)
    18:19:public void setDevicePosX(java.lang.String)
    26:27:public void setDevicePosY(java.lang.String)
com.doubleservice.bigcitynavigation.FreeHomepage:
    private android.app.ProgressDialog pd
    210:224:private void getFingerPrint()
    243:260:public void isFileDownloadingSuccess(boolean)
    330:345:public void showAlertDialog()
com.doubleservice.bigcitynavigation.FreeHomepage$3
com.doubleservice.bigcitynavigation.FreeHomepage$4
com.doubleservice.bigcitynavigation.IbeaconService:
    private int[] iBeaconRssi
    private long preTime
    334:337:private void clearRssiArray()
    341:348:private void finishScanning()
    392:439:public void pushAlert(int)
    443:457:protected void launchAlert()
    46:46:static synthetic void access$15(com.doubleservice.bigcitynavigation.IbeaconService,java.lang.Long)
com.doubleservice.bigcitynavigation.IbeaconService$2
com.doubleservice.bigcitynavigation.IbeaconService$3
com.doubleservice.bigcitynavigation.MemberHappyGo:
    private static final java.lang.String INJECTION_TOKEN
com.doubleservice.bigcitynavigation.Navigation:
    private android.widget.Button btnGetPosition
    private map.navi.component.NavigationAPIProxy navigationProxy
    private java.lang.String currentFloor
    private android.app.ProgressDialog pd
    private android.app.ProgressDialog apiRequestDialog
    public static final int REQUSET_CODE_ROUTESETTING
    703:703:private void naviToTheFuckingItem(com.doubleservice.DataVO.NavDataVO)
    752:757:private float setNearlyPixel(float,float,float)
    1437:1450:private void seperateScannedIBeacons()
com.doubleservice.bigcitynavigation.OpenFiles
com.doubleservice.bigcitynavigation.PushMsgFileActivity:
    70:78:public void fileDownloadStatus(boolean)
    82:136:protected void openFile()
    140:144:private boolean checkEndsWithInStringArray(java.lang.String,java.lang.String[])
com.doubleservice.bigcitynavigation.R
com.doubleservice.bigcitynavigation.R$anim
com.doubleservice.bigcitynavigation.R$array
com.doubleservice.bigcitynavigation.R$attr
com.doubleservice.bigcitynavigation.R$color
com.doubleservice.bigcitynavigation.R$dimen
com.doubleservice.bigcitynavigation.R$drawable
com.doubleservice.bigcitynavigation.R$id
com.doubleservice.bigcitynavigation.R$layout
com.doubleservice.bigcitynavigation.R$menu
com.doubleservice.bigcitynavigation.R$raw
com.doubleservice.bigcitynavigation.R$string
com.doubleservice.bigcitynavigation.R$style
com.doubleservice.bigcitynavigation.R$styleable
com.doubleservice.bigcitynavigation.R$xml
com.doubleservice.bigcitynavigation.WiFiService:
    private java.util.ArrayList list
    public java.util.ArrayList scanList
    245:248:private void clearRssiArray()
    252:259:private void finishScanning()
    288:294:public void setCurrentLocationRssi(int[],java.util.ArrayList)
    297:334:private void scanAnalyze()
    340:356:public static void knnSortingDistanceStrongToWeak(java.util.ArrayList)
com.doubleservice.bigcitynavigation.drawer.BaseDrawerActivity:
    291:304:public void showAlertDialog()
com.doubleservice.bigcitynavigation.drawer.BaseDrawerActivity$2
...
android.support.v4.media.TransportMediator
android.support.v4.media.TransportMediator$1
android.support.v4.media.TransportMediator$2
android.support.v4.media.TransportMediatorCallback
android.support.v4.media.TransportMediatorJellybeanMR2
android.support.v4.media.TransportMediatorJellybeanMR2$1
android.support.v4.media.TransportMediatorJellybeanMR2$2
android.support.v4.media.TransportMediatorJellybeanMR2$3
android.support.v4.media.TransportMediatorJellybeanMR2$4
android.support.v4.media.TransportPerformer
android.support.v4.media.TransportStateListener
android.support.v4.net.ConnectivityManagerCompat
android.support.v4.net.ConnectivityManagerCompat$BaseConnectivityManagerCompatImpl
android.support.v4.net.ConnectivityManagerCompat$ConnectivityManagerCompatImpl
android.support.v4.net.ConnectivityManagerCompat$GingerbreadConnectivityManagerCompatImpl
android.support.v4.net.ConnectivityManagerCompat$HoneycombMR2ConnectivityManagerCompatImpl
android.support.v4.net.ConnectivityManagerCompat$JellyBeanConnectivityManagerCompatImpl
android.support.v4.net.ConnectivityManagerCompatGingerbread
android.support.v4.net.ConnectivityManagerCompatHoneycombMR2
android.support.v4.net.ConnectivityManagerCompatJellyBean
android.support.v4.net.TrafficStatsCompat
android.support.v4.net.TrafficStatsCompat$1
android.support.v4.net.TrafficStatsCompat$BaseTrafficStatsCompatImpl
android.support.v4.net.TrafficStatsCompat$BaseTrafficStatsCompatImpl$1
android.support.v4.net.TrafficStatsCompat$BaseTrafficStatsCompatImpl$SocketTags
android.support.v4.net.TrafficStatsCompat$IcsTrafficStatsCompatImpl
android.support.v4.net.TrafficStatsCompat$TrafficStatsCompatImpl
android.support.v4.net.TrafficStatsCompatIcs
android.support.v4.os.ParcelableCompat:
    26:42:public ParcelableCompat()
android.support.v4.os.ParcelableCompatCreatorHoneycombMR2Stub:
    22:22:ParcelableCompatCreatorHoneycombMR2Stub()
android.support.v4.text.BidiFormatter
android.support.v4.text.BidiFormatter$1
android.support.v4.text.BidiFormatter$Builder
android.support.v4.text.BidiFormatter$DirectionalityEstimator
android.support.v4.text.ICUCompat
android.support.v4.text.ICUCompat$ICUCompatImpl
android.support.v4.text.ICUCompat$ICUCompatImplBase
android.support.v4.text.ICUCompat$ICUCompatImplIcs
android.support.v4.text.ICUCompatIcs
android.support.v4.text.TextDirectionHeuristicCompat
android.support.v4.text.TextDirectionHeuristicsCompat
android.support.v4.text.TextDirectionHeuristicsCompat$1
android.support.v4.text.TextDirectionHeuristicsCompat$AnyStrong
android.support.v4.text.TextDirectionHeuristicsCompat$FirstStrong
android.support.v4.text.TextDirectionHeuristicsCompat$TextDirectionAlgorithm
android.support.v4.text.TextDirectionHeuristicsCompat$TextDirectionHeuristicImpl
android.support.v4.text.TextDirectionHeuristicsCompat$TextDirectionHeuristicInternal
android.support.v4.text.TextDirectionHeuristicsCompat$TextDirectionHeuristicLocale
android.support.v4.text.TextUtilsCompat
android.support.v4.util.AtomicFile
android.support.v4.util.DebugUtils:
    25:25:public DebugUtils()
android.support.v4.util.LongSparseArray
android.support.v4.util.LruCache:
    177:193:public final java.lang.Object remove(java.lang.Object)
    255:256:public final void evictAll()
    273:273:public final synchronized int maxSize()
    280:280:public final synchronized int hitCount()
    288:288:public final synchronized int missCount()
    295:295:public final synchronized int createCount()
    302:302:public final synchronized int putCount()
    309:309:public final synchronized int evictionCount()
    317:317:public final synchronized java.util.Map snapshot()